C51 COMPILER V9.54   EEPROM                                                                12/02/2021 23:30:45 PAGE 1   


C51 COMPILER V9.54, COMPILATION OF MODULE EEPROM
OBJECT MODULE PLACED IN .\Objects\eeprom.obj
COMPILER INVOKED BY: E:\kiel5\C51\BIN\C51.EXE ..\CODE\eeprom.c OPTIMIZE(8,SPEED) INCDIR(..\CODE;..\SYS;..\USER) DEBUG OB
                    -JECTEXTEND PRINT(.\Listings\eeprom.lst) TABS(2) OBJECT(.\Objects\eeprom.obj)

line level    source

   1          #include "eeprom.h"
*** WARNING C318 IN LINE 9 OF num.h: can't open file 'STC15F2K60S2.h'
*** ERROR C202 IN LINE 11 OF ..\SYS\iic.h: 'P2': undefined identifier
*** ERROR C202 IN LINE 12 OF ..\SYS\iic.h: 'P2': undefined identifier
   2          
   3          void Delay10ms()    //@12.000MHz
   4          {
   5   1        unsigned char i, j;
   6   1      
   7   1        i = 117;
   8   1        j = 184;
   9   1        do
  10   1        {
  11   2          while (--j);
  12   2        } while (--i);
  13   1      }
  14          
  15          
  16          
  17          void write_eeprom(uchar *p,uchar add,int leng)
  18          {
  19   1      IIC_Start(); 
  20   1      IIC_SendByte(0xa0);
  21   1      IIC_WaitAck();  
  22   1      IIC_SendByte(add);
  23   1      IIC_WaitAck();  
  24   1      while(leng--)
  25   1      {
  26   2      IIC_SendByte(*p++);
  27   2      IIC_WaitAck();  
  28   2      IIC_Delay(200);
  29   2      }
  30   1      IIC_Stop();
  31   1      Delay10ms();
  32   1      }
  33          
  34          void read_eeprom(uchar *p,uchar add,int leng )
  35          {
  36   1      EA=0;
*** ERROR C202 IN LINE 36 OF ..\CODE\eeprom.c: 'EA': undefined identifier
  37   1      IIC_Start(); 
  38   1      IIC_SendByte(0xa0);
  39   1      IIC_WaitAck();  
  40   1      IIC_SendByte(add);
  41   1      IIC_WaitAck();  
  42   1      IIC_Start(); 
  43   1      IIC_SendByte(0xa1);
  44   1      IIC_WaitAck();  
  45   1      while(leng--)
  46   1      {
  47   2      *p++=IIC_RecByte();
  48   2      if(leng)  IIC_SendAck(0); 
  49   2      else      IIC_SendAck(1); 
  50   2      }
C51 COMPILER V9.54   EEPROM                                                                12/02/2021 23:30:45 PAGE 2   

  51   1      IIC_Stop();
  52   1      EA=1;
*** ERROR C202 IN LINE 52 OF ..\CODE\eeprom.c: 'EA': undefined identifier
  53   1      }

C51 COMPILATION COMPLETE.  1 WARNING(S),  4 ERROR(S)
