C51 COMPILER V9.54   PCF8591                                                               12/02/2021 23:30:46 PAGE 1   


C51 COMPILER V9.54, COMPILATION OF MODULE PCF8591
OBJECT MODULE PLACED IN .\Objects\pcf8591.obj
COMPILER INVOKED BY: E:\kiel5\C51\BIN\C51.EXE ..\CODE\pcf8591.c OPTIMIZE(8,SPEED) INCDIR(..\CODE;..\SYS;..\USER) DEBUG O
                    -BJECTEXTEND PRINT(.\Listings\pcf8591.lst) TABS(2) OBJECT(.\Objects\pcf8591.obj)

line level    source

   1          #include "pcf8591.h"
*** WARNING C318 IN LINE 9 OF num.h: can't open file 'STC15F2K60S2.h'
*** ERROR C202 IN LINE 11 OF ..\SYS\iic.h: 'P2': undefined identifier
*** ERROR C202 IN LINE 12 OF ..\SYS\iic.h: 'P2': undefined identifier
   2          
   3          
   4          
   5          float AD_get(uchar add)
   6          {
   7   1      uchar temp;
   8   1      float ad;
   9   1      EA=0;
*** ERROR C202 IN LINE 9 OF ..\CODE\pcf8591.c: 'EA': undefined identifier
  10   1      IIC_Start(); 
  11   1      IIC_SendByte(0x90);
  12   1      IIC_WaitAck();  
  13   1      IIC_SendByte(add);
  14   1      IIC_WaitAck();  
  15   1      IIC_Start(); 
  16   1      IIC_SendByte(0x91);
  17   1      IIC_WaitAck();  
  18   1      temp=IIC_RecByte();
  19   1      IIC_SendAck(1); 
  20   1      IIC_Stop();
  21   1      ad=temp/51.0; 
  22   1      EA=1; 
*** ERROR C202 IN LINE 22 OF ..\CODE\pcf8591.c: 'EA': undefined identifier
  23   1      return ad;
  24   1      }
  25          
  26          void DA_convent(float dat)
  27          {
  28   1      uchar temp;
  29   1        temp=dat*51;
  30   1      IIC_Start(); 
  31   1      IIC_SendByte(0x90);
  32   1      IIC_WaitAck();  
  33   1      IIC_SendByte(0x40);
  34   1      IIC_WaitAck();  
  35   1      IIC_SendByte(temp);
  36   1      IIC_WaitAck();
  37   1      IIC_Stop();
  38   1      }

C51 COMPILATION COMPLETE.  1 WARNING(S),  4 ERROR(S)
