C51 COMPILER V9.54   USART1                                                                12/02/2021 23:30:46 PAGE 1   


C51 COMPILER V9.54, COMPILATION OF MODULE USART1
OBJECT MODULE PLACED IN .\Objects\usart1.obj
COMPILER INVOKED BY: E:\kiel5\C51\BIN\C51.EXE ..\CODE\usart1.c OPTIMIZE(8,SPEED) INCDIR(..\CODE;..\SYS;..\USER) DEBUG OB
                    -JECTEXTEND PRINT(.\Listings\usart1.lst) TABS(2) OBJECT(.\Objects\usart1.obj)

line level    source

   1          #include "usart1.h"
*** WARNING C318 IN LINE 9 OF num.h: can't open file 'STC15F2K60S2.h'
   2          uchar usart1_r[NUM];
   3          uchar pc;
   4          uchar usart1_ms;
   5          bit u_f;
   6          
   7          void usart1_init()
   8          {
   9   1        SCON = 0x50;    //8位数据,可变波特率
*** ERROR C202 IN LINE 9 OF ..\CODE\usart1.c: 'SCON': undefined identifier
  10   1        AUXR |= 0x01;   //串口1选择定时器2为波特率发生器
*** ERROR C202 IN LINE 10 OF ..\CODE\usart1.c: 'AUXR': undefined identifier
  11   1        AUXR |= 0x04;   //定时器时钟1T模式
*** ERROR C202 IN LINE 11 OF ..\CODE\usart1.c: 'AUXR': undefined identifier
  12   1        T2L = 0x8F;   //设置定时初始值
*** ERROR C202 IN LINE 12 OF ..\CODE\usart1.c: 'T2L': undefined identifier
  13   1        T2H = 0xFD;   //设置定时初始值
*** ERROR C202 IN LINE 13 OF ..\CODE\usart1.c: 'T2H': undefined identifier
  14   1        AUXR |= 0x10;   //定时器2开始计时
*** ERROR C202 IN LINE 14 OF ..\CODE\usart1.c: 'AUXR': undefined identifier
  15   1        ES=1;
*** ERROR C202 IN LINE 15 OF ..\CODE\usart1.c: 'ES': undefined identifier
  16   1      }
  17          
  18          
  19          
  20          void usart1_send(uchar *p,int leng)
  21          {
  22   1      ET1=0;  
*** ERROR C202 IN LINE 22 OF ..\CODE\usart1.c: 'ET1': undefined identifier
  23   1      while(leng--)
  24   1      {
  25   2      SBUF=*p++;
*** ERROR C202 IN LINE 25 OF ..\CODE\usart1.c: 'SBUF': undefined identifier
  26   2      while(!TI);
*** ERROR C202 IN LINE 26 OF ..\CODE\usart1.c: 'TI': undefined identifier
  27   2      TI=0;
*** ERROR C202 IN LINE 27 OF ..\CODE\usart1.c: 'TI': undefined identifier
  28   2      } 
  29   1      ET1=1;
*** ERROR C202 IN LINE 29 OF ..\CODE\usart1.c: 'ET1': undefined identifier
  30   1      }
  31          
  32          
  33          void usart1_handle()interrupt 4
  34          {
  35   1      if(RI)
*** ERROR C202 IN LINE 35 OF ..\CODE\usart1.c: 'RI': undefined identifier
  36   1      {
  37   2      usart1_ms=0;
  38   2        u_f=1;
  39   2      usart1_r[pc]=SBUF;
*** ERROR C202 IN LINE 39 OF ..\CODE\usart1.c: 'SBUF': undefined identifier
C51 COMPILER V9.54   USART1                                                                12/02/2021 23:30:46 PAGE 2   

  40   2        pc++; if(pc>NUM-1){pc=0;}
  41   2      RI=0;
*** ERROR C202 IN LINE 41 OF ..\CODE\usart1.c: 'RI': undefined identifier
  42   2      }
  43   1      }
  44          

C51 COMPILATION COMPLETE.  1 WARNING(S),  15 ERROR(S)
