C51 COMPILER V9.60.0.0   1                                                                 01/02/2022 13:14:38 PAGE 1   


C51 COMPILER V9.60.0.0, COMPILATION OF MODULE 1
OBJECT MODULE PLACED IN .\Objects\1.obj
COMPILER INVOKED BY: D:\keil c51\C51\BIN\C51.EXE 1.c OPTIMIZE(8,SPEED) BROWSE DEBUG OBJECTEXTEND PRINT(.\Listings\1.lst)
                    - TABS(2) OBJECT(.\Objects\1.obj)

line level    source

   1          #include <reg52.h>
   2          sbit beep = P1^5;
   3          unsigned char timer0H, timer0L, time;
   4          
   5          
   6          code unsigned char FREQH[] = {
   7              0xF2, 0xF3, 0xF5, 0xF5, 0xF6, 0xF7, 0xF8,   
   8              0xF9, 0xF9, 0xFA, 0xFA, 0xFB, 0xFB, 0xFC, 0xFC,
   9              0xFC, 0xFD, 0xFD, 0xFD, 0xFD, 0xFE,            
  10              0xFE, 0xFE, 0xFE, 0xFE, 0xFE, 0xFE, 0xFF};  
  11          
  12          code unsigned char FREQL[] = {
  13              0x42, 0xC1, 0x17, 0xB6, 0xD0, 0xD1, 0xB6,    
  14              0x21, 0xE1, 0x8C, 0xD8, 0x68, 0xE9, 0x5B, 0x8F, 
  15              0xEE, 0x44, 0x6B, 0xB4, 0xF4, 0x2D,            
  16              0x47, 0x77, 0xA2, 0xB6, 0xDA, 0xFA, 0x16};  
  17                
  18          code unsigned char song[] = {
  19          6,1,2,6,1,1,3,2,1,2,2,2,1,2,2,7,1,2,7,1,1,7,1,1,2,2,2,1,2,1,7,1,1,
  20          6,1,2,6,1,1,1,3,1,7,2,1,1,3,1,6,1,2,6,1,1,1,3,1,7,2,1,1,3,1,7,2,1,1,3,1
  21            
  22            
  23          };
  24          //一个音符有三个数字。前为第几个音、中为第几个八度、后为时长（以半拍为单位）。
  25          //6, 2, 3 分别代表：６, 中音, ３个半拍;
  26          //5, 2, 1 分别代表：５, 中音, １个半拍;
  27          
  28          
  29          void delay(unsigned char t)     
  30          {
  31   1          unsigned char t1;
  32   1          unsigned long t2;
  33   1          for(t1 = 0; t1 < t; t1++)   
  34   1            for(t2 = 0; t2 < 4000; t2++);
  35   1          TR1 = 0;                       
  36   1      }
  37          
  38          void sing()                      
  39          {
  40   1          TH1= timer0H;              
  41   1          TL1 = timer0L;
  42   1          TR1 = 1;                    
  43   1          delay(time);               
  44   1      }
  45          
  46          void main(void)
  47          {
  48   1          unsigned char k, i;
  49   1          TMOD = 1;                   
  50   1          ET1 = 1;                   
  51   1          EA = 1;                   
  52   1          while(1) 
  53   1        {
  54   2            i = 0;
C51 COMPILER V9.60.0.0   1                                                                 01/02/2022 13:14:38 PAGE 2   

  55   2            time = 1; 
  56   2            while(time) 
  57   2          {
  58   3              k = song[i] + 7 * song[i + 1] - 1;
  59   3              timer0H = FREQH[k];   
  60   3              timer0L = FREQL[k];     
  61   3              time = song[i + 2];   
  62   3              i += 3;
  63   3            if(i>69)
  64   3            {
  65   4              i=0;
  66   4            }
  67   3              sing();                 
  68   3          }  
  69   2          }  
  70   1      }
  71          void t0int() interrupt 3     
  72          {
  73   1          TR1 = 0;                   
  74   1          beep = !beep;          
  75   1          TH1= timer0H;            
  76   1          TL1 = timer0L;
  77   1          TR1 = 1;                   
  78   1      }
  79          
  80          
  81          //双线程
  82          //必须有1个中断
  83          //定时器中断控制音调（发声）
  84          //延时函数控制一个音调的发声时长
  85          


MODULE INFORMATION:   STATIC OVERLAYABLE
   CODE SIZE        =    179    ----
   CONSTANT SIZE    =    125    ----
   XDATA SIZE       =   ----    ----
   PDATA SIZE       =   ----    ----
   DATA SIZE        =      3       7
   IDATA SIZE       =   ----    ----
   BIT SIZE         =   ----    ----
END OF MODULE INFORMATION.


C51 COMPILATION COMPLETE.  0 WARNING(S),  0 ERROR(S)
